                                 Started job on |	Jul 23 07:26:01
                             Started mapping on |	Jul 23 07:26:06
                                    Finished on |	Jul 23 07:27:42
       Mapping speed, Million of reads per hour |	1359.46

                          Number of input reads |	36252220
                      Average input read length |	74
                                    UNIQUE READS:
                   Uniquely mapped reads number |	32993153
                        Uniquely mapped reads % |	91.01%
                          Average mapped length |	74.47
                       Number of splices: Total |	9974148
            Number of splices: Annotated (sjdb) |	9679472
                       Number of splices: GT/AG |	9864405
                       Number of splices: GC/AG |	82802
                       Number of splices: AT/AC |	3812
               Number of splices: Non-canonical |	23129
                      Mismatch rate per base, % |	0.62%
                         Deletion rate per base |	0.03%
                        Deletion average length |	1.92
                        Insertion rate per base |	0.01%
                       Insertion average length |	1.79
                             MULTI-MAPPING READS:
        Number of reads mapped to multiple loci |	2159473
             % of reads mapped to multiple loci |	5.96%
        Number of reads mapped to too many loci |	153902
             % of reads mapped to too many loci |	0.42%
                                  UNMAPPED READS:
       % of reads unmapped: too many mismatches |	0.00%
                 % of reads unmapped: too short |	2.08%
                     % of reads unmapped: other |	0.53%
                                  CHIMERIC READS:
                       Number of chimeric reads |	0
                            % of chimeric reads |	0.00%
