                                 Started job on |	Jul 23 07:31:18
                             Started mapping on |	Jul 23 07:31:24
                                    Finished on |	Jul 23 07:32:54
       Mapping speed, Million of reads per hour |	1398.88

                          Number of input reads |	34971884
                      Average input read length |	74
                                    UNIQUE READS:
                   Uniquely mapped reads number |	31780844
                        Uniquely mapped reads % |	90.88%
                          Average mapped length |	74.47
                       Number of splices: Total |	9913312
            Number of splices: Annotated (sjdb) |	9628280
                       Number of splices: GT/AG |	9807805
                       Number of splices: GC/AG |	80873
                       Number of splices: AT/AC |	3693
               Number of splices: Non-canonical |	20941
                      Mismatch rate per base, % |	0.59%
                         Deletion rate per base |	0.03%
                        Deletion average length |	1.89
                        Insertion rate per base |	0.01%
                       Insertion average length |	1.75
                             MULTI-MAPPING READS:
        Number of reads mapped to multiple loci |	2199140
             % of reads mapped to multiple loci |	6.29%
        Number of reads mapped to too many loci |	140044
             % of reads mapped to too many loci |	0.40%
                                  UNMAPPED READS:
       % of reads unmapped: too many mismatches |	0.00%
                 % of reads unmapped: too short |	1.97%
                     % of reads unmapped: other |	0.46%
                                  CHIMERIC READS:
                       Number of chimeric reads |	0
                            % of chimeric reads |	0.00%
