                                 Started job on |	Jul 23 07:36:20
                             Started mapping on |	Jul 23 07:36:26
                                    Finished on |	Jul 23 07:38:01
       Mapping speed, Million of reads per hour |	1360.16

                          Number of input reads |	35893130
                      Average input read length |	74
                                    UNIQUE READS:
                   Uniquely mapped reads number |	32750598
                        Uniquely mapped reads % |	91.24%
                          Average mapped length |	74.49
                       Number of splices: Total |	10427082
            Number of splices: Annotated (sjdb) |	10138542
                       Number of splices: GT/AG |	10320685
                       Number of splices: GC/AG |	81467
                       Number of splices: AT/AC |	3922
               Number of splices: Non-canonical |	21008
                      Mismatch rate per base, % |	0.57%
                         Deletion rate per base |	0.02%
                        Deletion average length |	1.89
                        Insertion rate per base |	0.01%
                       Insertion average length |	1.76
                             MULTI-MAPPING READS:
        Number of reads mapped to multiple loci |	2210794
             % of reads mapped to multiple loci |	6.16%
        Number of reads mapped to too many loci |	133927
             % of reads mapped to too many loci |	0.37%
                                  UNMAPPED READS:
       % of reads unmapped: too many mismatches |	0.00%
                 % of reads unmapped: too short |	1.86%
                     % of reads unmapped: other |	0.37%
                                  CHIMERIC READS:
                       Number of chimeric reads |	0
                            % of chimeric reads |	0.00%
