                                 Started job on |	Jul 23 07:39:39
                             Started mapping on |	Jul 23 07:39:44
                                    Finished on |	Jul 23 07:41:24
       Mapping speed, Million of reads per hour |	1212.73

                          Number of input reads |	33686978
                      Average input read length |	74
                                    UNIQUE READS:
                   Uniquely mapped reads number |	30771511
                        Uniquely mapped reads % |	91.35%
                          Average mapped length |	74.49
                       Number of splices: Total |	9422561
            Number of splices: Annotated (sjdb) |	9141401
                       Number of splices: GT/AG |	9323015
                       Number of splices: GC/AG |	75177
                       Number of splices: AT/AC |	3660
               Number of splices: Non-canonical |	20709
                      Mismatch rate per base, % |	0.59%
                         Deletion rate per base |	0.03%
                        Deletion average length |	1.90
                        Insertion rate per base |	0.01%
                       Insertion average length |	1.78
                             MULTI-MAPPING READS:
        Number of reads mapped to multiple loci |	2006999
             % of reads mapped to multiple loci |	5.96%
        Number of reads mapped to too many loci |	130588
             % of reads mapped to too many loci |	0.39%
                                  UNMAPPED READS:
       % of reads unmapped: too many mismatches |	0.00%
                 % of reads unmapped: too short |	1.90%
                     % of reads unmapped: other |	0.40%
                                  CHIMERIC READS:
                       Number of chimeric reads |	0
                            % of chimeric reads |	0.00%
