                                 Started job on |	Jul 23 07:43:03
                             Started mapping on |	Jul 23 07:43:09
                                    Finished on |	Jul 23 07:44:36
       Mapping speed, Million of reads per hour |	1396.00

                          Number of input reads |	33736786
                      Average input read length |	74
                                    UNIQUE READS:
                   Uniquely mapped reads number |	30883397
                        Uniquely mapped reads % |	91.54%
                          Average mapped length |	74.48
                       Number of splices: Total |	9648151
            Number of splices: Annotated (sjdb) |	9365379
                       Number of splices: GT/AG |	9545667
                       Number of splices: GC/AG |	78158
                       Number of splices: AT/AC |	3695
               Number of splices: Non-canonical |	20631
                      Mismatch rate per base, % |	0.59%
                         Deletion rate per base |	0.03%
                        Deletion average length |	1.89
                        Insertion rate per base |	0.01%
                       Insertion average length |	1.79
                             MULTI-MAPPING READS:
        Number of reads mapped to multiple loci |	1953056
             % of reads mapped to multiple loci |	5.79%
        Number of reads mapped to too many loci |	123725
             % of reads mapped to too many loci |	0.37%
                                  UNMAPPED READS:
       % of reads unmapped: too many mismatches |	0.00%
                 % of reads unmapped: too short |	1.97%
                     % of reads unmapped: other |	0.33%
                                  CHIMERIC READS:
                       Number of chimeric reads |	0
                            % of chimeric reads |	0.00%
