                                 Started job on |	Jul 23 07:41:27
                             Started mapping on |	Jul 23 07:41:32
                                    Finished on |	Jul 23 07:43:01
       Mapping speed, Million of reads per hour |	1355.60

                          Number of input reads |	33513464
                      Average input read length |	74
                                    UNIQUE READS:
                   Uniquely mapped reads number |	30672992
                        Uniquely mapped reads % |	91.52%
                          Average mapped length |	74.48
                       Number of splices: Total |	9580886
            Number of splices: Annotated (sjdb) |	9299268
                       Number of splices: GT/AG |	9478614
                       Number of splices: GC/AG |	77985
                       Number of splices: AT/AC |	3697
               Number of splices: Non-canonical |	20590
                      Mismatch rate per base, % |	0.60%
                         Deletion rate per base |	0.03%
                        Deletion average length |	1.90
                        Insertion rate per base |	0.01%
                       Insertion average length |	1.79
                             MULTI-MAPPING READS:
        Number of reads mapped to multiple loci |	1937392
             % of reads mapped to multiple loci |	5.78%
        Number of reads mapped to too many loci |	122927
             % of reads mapped to too many loci |	0.37%
                                  UNMAPPED READS:
       % of reads unmapped: too many mismatches |	0.00%
                 % of reads unmapped: too short |	2.00%
                     % of reads unmapped: other |	0.32%
                                  CHIMERIC READS:
                       Number of chimeric reads |	0
                            % of chimeric reads |	0.00%
