                                 Started job on |	Jul 23 07:46:24
                             Started mapping on |	Jul 23 07:46:38
                                    Finished on |	Jul 23 07:48:10
       Mapping speed, Million of reads per hour |	1304.29

                          Number of input reads |	33331799
                      Average input read length |	74
                                    UNIQUE READS:
                   Uniquely mapped reads number |	30474503
                        Uniquely mapped reads % |	91.43%
                          Average mapped length |	74.49
                       Number of splices: Total |	9370958
            Number of splices: Annotated (sjdb) |	9100180
                       Number of splices: GT/AG |	9272377
                       Number of splices: GC/AG |	75079
                       Number of splices: AT/AC |	3518
               Number of splices: Non-canonical |	19984
                      Mismatch rate per base, % |	0.58%
                         Deletion rate per base |	0.03%
                        Deletion average length |	1.88
                        Insertion rate per base |	0.01%
                       Insertion average length |	1.75
                             MULTI-MAPPING READS:
        Number of reads mapped to multiple loci |	1943564
             % of reads mapped to multiple loci |	5.83%
        Number of reads mapped to too many loci |	130992
             % of reads mapped to too many loci |	0.39%
                                  UNMAPPED READS:
       % of reads unmapped: too many mismatches |	0.00%
                 % of reads unmapped: too short |	1.89%
                     % of reads unmapped: other |	0.46%
                                  CHIMERIC READS:
                       Number of chimeric reads |	0
                            % of chimeric reads |	0.00%
