                                 Started job on |	Jul 23 07:48:13
                             Started mapping on |	Jul 23 07:48:18
                                    Finished on |	Jul 23 07:49:45
       Mapping speed, Million of reads per hour |	1447.31

                          Number of input reads |	34976694
                      Average input read length |	74
                                    UNIQUE READS:
                   Uniquely mapped reads number |	31912827
                        Uniquely mapped reads % |	91.24%
                          Average mapped length |	74.49
                       Number of splices: Total |	9914282
            Number of splices: Annotated (sjdb) |	9647450
                       Number of splices: GT/AG |	9813587
                       Number of splices: GC/AG |	77168
                       Number of splices: AT/AC |	4011
               Number of splices: Non-canonical |	19516
                      Mismatch rate per base, % |	0.58%
                         Deletion rate per base |	0.02%
                        Deletion average length |	1.86
                        Insertion rate per base |	0.01%
                       Insertion average length |	1.73
                             MULTI-MAPPING READS:
        Number of reads mapped to multiple loci |	2136422
             % of reads mapped to multiple loci |	6.11%
        Number of reads mapped to too many loci |	151736
             % of reads mapped to too many loci |	0.43%
                                  UNMAPPED READS:
       % of reads unmapped: too many mismatches |	0.00%
                 % of reads unmapped: too short |	1.87%
                     % of reads unmapped: other |	0.35%
                                  CHIMERIC READS:
                       Number of chimeric reads |	0
                            % of chimeric reads |	0.00%
