                                 Started job on |	Jul 23 07:54:34
                             Started mapping on |	Jul 23 07:54:39
                                    Finished on |	Jul 23 07:56:04
       Mapping speed, Million of reads per hour |	1361.53

                          Number of input reads |	32147144
                      Average input read length |	74
                                    UNIQUE READS:
                   Uniquely mapped reads number |	29360907
                        Uniquely mapped reads % |	91.33%
                          Average mapped length |	74.49
                       Number of splices: Total |	8938722
            Number of splices: Annotated (sjdb) |	8680657
                       Number of splices: GT/AG |	8847224
                       Number of splices: GC/AG |	68547
                       Number of splices: AT/AC |	3644
               Number of splices: Non-canonical |	19307
                      Mismatch rate per base, % |	0.59%
                         Deletion rate per base |	0.03%
                        Deletion average length |	1.88
                        Insertion rate per base |	0.01%
                       Insertion average length |	1.78
                             MULTI-MAPPING READS:
        Number of reads mapped to multiple loci |	1890228
             % of reads mapped to multiple loci |	5.88%
        Number of reads mapped to too many loci |	147718
             % of reads mapped to too many loci |	0.46%
                                  UNMAPPED READS:
       % of reads unmapped: too many mismatches |	0.00%
                 % of reads unmapped: too short |	1.91%
                     % of reads unmapped: other |	0.42%
                                  CHIMERIC READS:
                       Number of chimeric reads |	0
                            % of chimeric reads |	0.00%
