STAR version=STAR_2.5.3a
STAR compilation time,server,dir=Wed Jun 21 10:37:35 ACST 2017 l01.phoenix.adelaide.edu.au:/dev/shm/rob/STAR/2.5.3a/foss-2016b/STAR-2.5.3a/source
##### DEFAULT parameters:
versionSTAR                       20201
versionGenome                     20101   20200   
parametersFiles                   -   
sysShell                          -
runMode                           alignReads
runThreadN                        1
runDirPerm                        User_RWX
runRNGseed                        777
genomeDir                         ./GenomeDir/
genomeLoad                        NoSharedMemory
genomeFastaFiles                  -   
genomeChainFiles                  -   
genomeSAindexNbases               14
genomeChrBinNbits                 18
genomeSAsparseD                   1
genomeSuffixLengthMax             18446744073709551615
genomeFileSizes                   0   
readFilesIn                       Read1   Read2   
readFilesCommand                  -   
readMatesLengthsIn                NotEqual
readMapNumber                     18446744073709551615
readNameSeparator                 /   
inputBAMfile                      -
bamRemoveDuplicatesType           -
bamRemoveDuplicatesMate2basesN    0
limitGenomeGenerateRAM            31000000000
limitIObufferSize                 150000000
limitOutSAMoneReadBytes           100000
limitOutSJcollapsed               1000000
limitOutSJoneRead                 1000
limitBAMsortRAM                   0
limitSjdbInsertNsj                1000000
outTmpDir                         -
outTmpKeep                        None
outStd                            Log
outReadsUnmapped                  None
outQSconversionAdd                0
outMultimapperOrder               Old_2.4
outSAMtype                        SAM   
outSAMmode                        Full
outSAMstrandField                 None
outSAMattributes                  Standard   
outSAMunmapped                    None   
outSAMorder                       Paired
outSAMprimaryFlag                 OneBestScore
outSAMreadID                      Standard
outSAMmapqUnique                  255
outSAMflagOR                      0
outSAMflagAND                     65535
outSAMattrRGline                  -   
outSAMheaderHD                    -   
outSAMheaderPG                    -   
outSAMheaderCommentFile           -
outBAMcompression                 1
outBAMsortingThreadN              0
outSAMfilter                      None   
outSAMmultNmax                    18446744073709551615
outSAMattrIHstart                 1
outSJfilterReads                  All
outSJfilterCountUniqueMin         3   1   1   1   
outSJfilterCountTotalMin          3   1   1   1   
outSJfilterOverhangMin            30   12   12   12   
outSJfilterDistToOtherSJmin       10   0   5   10   
outSJfilterIntronMaxVsReadN       50000   100000   200000   
outWigType                        None   
outWigStrand                      Stranded   
outWigReferencesPrefix            -
outWigNorm                        RPM   
outFilterType                     Normal
outFilterMultimapNmax             10
outFilterMultimapScoreRange       1
outFilterScoreMin                 0
outFilterScoreMinOverLread        0.66
outFilterMatchNmin                0
outFilterMatchNminOverLread       0.66
outFilterMismatchNmax             10
outFilterMismatchNoverLmax        0.3
outFilterMismatchNoverReadLmax    1
outFilterIntronMotifs             None
clip5pNbases                      0   
clip3pNbases                      0   
clip3pAfterAdapterNbases          0   
clip3pAdapterSeq                  -   
clip3pAdapterMMp                  0.1   
winBinNbits                       16
winAnchorDistNbins                9
winFlankNbins                     4
winAnchorMultimapNmax             50
winReadCoverageRelativeMin        0.5
winReadCoverageBasesMin           0
scoreGap                          0
scoreGapNoncan                    -8
scoreGapGCAG                      -4
scoreGapATAC                      -8
scoreStitchSJshift                1
scoreGenomicLengthLog2scale       -0.25
scoreDelBase                      -2
scoreDelOpen                      -2
scoreInsOpen                      -2
scoreInsBase                      -2
seedSearchLmax                    0
seedSearchStartLmax               50
seedSearchStartLmaxOverLread      1
seedPerReadNmax                   1000
seedPerWindowNmax                 50
seedNoneLociPerWindow             10
seedMultimapNmax                  10000
alignIntronMin                    21
alignIntronMax                    0
alignMatesGapMax                  0
alignTranscriptsPerReadNmax       10000
alignSJoverhangMin                5
alignSJDBoverhangMin              3
alignSJstitchMismatchNmax         0   -1   0   0   
alignSplicedMateMapLmin           0
alignSplicedMateMapLminOverLmate    0.66
alignWindowsPerReadNmax           10000
alignTranscriptsPerWindowNmax     100
alignEndsType                     Local
alignSoftClipAtReferenceEnds      Yes
alignEndsProtrude                 0   ConcordantPair   
chimSegmentMin                    0
chimScoreMin                      0
chimScoreDropMax                  20
chimScoreSeparation               10
chimScoreJunctionNonGTAG          -1
chimMainSegmentMultNmax           10
chimJunctionOverhangMin           20
chimOutType                       SeparateSAMold   
chimFilter                        banGenomicN   
chimSegmentReadGapMax             0
sjdbFileChrStartEnd               -   
sjdbGTFfile                       -
sjdbGTFchrPrefix                  -
sjdbGTFfeatureExon                exon
sjdbGTFtagExonParentTranscript    transcript_id
sjdbGTFtagExonParentGene          gene_id
sjdbOverhang                      100
sjdbScore                         2
sjdbInsertSave                    Basic
quantMode                         -   
quantTranscriptomeBAMcompression    1
quantTranscriptomeBan             IndelSoftclipSingleend
twopass1readsN                    18446744073709551615
twopassMode                       None
##### Command Line:
STAR --runThreadN 16 --genomeDir /data/biorefs/reference_genomes/ensembl-release-96/danio_rerio/star --readFilesIn /data/biohub/20190717_Lardelli_RNASeq_Larvae/1_trimmedData/fastq/8G2Lardelli_2_R1.fq.gz --readFilesCommand gunzip -c --outFileNamePrefix /data/biohub/20190717_Lardelli_RNASeq_Larvae/2_alignedData/bam/8G2Lardelli_2 --outSAMtype BAM SortedByCoordinate
##### Initial USER parameters from Command Line:
outFileNamePrefix                 /data/biohub/20190717_Lardelli_RNASeq_Larvae/2_alignedData/bam/8G2Lardelli_2
###### All USER parameters from Command Line:
runThreadN                    16     ~RE-DEFINED
genomeDir                     /data/biorefs/reference_genomes/ensembl-release-96/danio_rerio/star     ~RE-DEFINED
readFilesIn                   /data/biohub/20190717_Lardelli_RNASeq_Larvae/1_trimmedData/fastq/8G2Lardelli_2_R1.fq.gz        ~RE-DEFINED
readFilesCommand              gunzip   -c        ~RE-DEFINED
outFileNamePrefix             /data/biohub/20190717_Lardelli_RNASeq_Larvae/2_alignedData/bam/8G2Lardelli_2     ~RE-DEFINED
outSAMtype                    BAM   SortedByCoordinate        ~RE-DEFINED
##### Finished reading parameters from all sources

##### Final user re-defined parameters-----------------:
runThreadN                        16
genomeDir                         /data/biorefs/reference_genomes/ensembl-release-96/danio_rerio/star
readFilesIn                       /data/biohub/20190717_Lardelli_RNASeq_Larvae/1_trimmedData/fastq/8G2Lardelli_2_R1.fq.gz   
readFilesCommand                  gunzip   -c   
outFileNamePrefix                 /data/biohub/20190717_Lardelli_RNASeq_Larvae/2_alignedData/bam/8G2Lardelli_2
outSAMtype                        BAM   SortedByCoordinate   

-------------------------------
##### Final effective command line:
STAR   --runThreadN 16   --genomeDir /data/biorefs/reference_genomes/ensembl-release-96/danio_rerio/star   --readFilesIn /data/biohub/20190717_Lardelli_RNASeq_Larvae/1_trimmedData/fastq/8G2Lardelli_2_R1.fq.gz      --readFilesCommand gunzip   -c      --outFileNamePrefix /data/biohub/20190717_Lardelli_RNASeq_Larvae/2_alignedData/bam/8G2Lardelli_2   --outSAMtype BAM   SortedByCoordinate   

##### Final parameters after user input--------------------------------:
versionSTAR                       20201
versionGenome                     20101   20200   
parametersFiles                   -   
sysShell                          -
runMode                           alignReads
runThreadN                        16
runDirPerm                        User_RWX
runRNGseed                        777
genomeDir                         /data/biorefs/reference_genomes/ensembl-release-96/danio_rerio/star
genomeLoad                        NoSharedMemory
genomeFastaFiles                  -   
genomeChainFiles                  -   
genomeSAindexNbases               14
genomeChrBinNbits                 18
genomeSAsparseD                   1
genomeSuffixLengthMax             18446744073709551615
genomeFileSizes                   0   
readFilesIn                       /data/biohub/20190717_Lardelli_RNASeq_Larvae/1_trimmedData/fastq/8G2Lardelli_2_R1.fq.gz   
readFilesCommand                  gunzip   -c   
readMatesLengthsIn                NotEqual
readMapNumber                     18446744073709551615
readNameSeparator                 /   
inputBAMfile                      -
bamRemoveDuplicatesType           -
bamRemoveDuplicatesMate2basesN    0
limitGenomeGenerateRAM            31000000000
limitIObufferSize                 150000000
limitOutSAMoneReadBytes           100000
limitOutSJcollapsed               1000000
limitOutSJoneRead                 1000
limitBAMsortRAM                   0
limitSjdbInsertNsj                1000000
outFileNamePrefix                 /data/biohub/20190717_Lardelli_RNASeq_Larvae/2_alignedData/bam/8G2Lardelli_2
outTmpDir                         -
outTmpKeep                        None
outStd                            Log
outReadsUnmapped                  None
outQSconversionAdd                0
outMultimapperOrder               Old_2.4
outSAMtype                        BAM   SortedByCoordinate   
outSAMmode                        Full
outSAMstrandField                 None
outSAMattributes                  Standard   
outSAMunmapped                    None   
outSAMorder                       Paired
outSAMprimaryFlag                 OneBestScore
outSAMreadID                      Standard
outSAMmapqUnique                  255
outSAMflagOR                      0
outSAMflagAND                     65535
outSAMattrRGline                  -   
outSAMheaderHD                    -   
outSAMheaderPG                    -   
outSAMheaderCommentFile           -
outBAMcompression                 1
outBAMsortingThreadN              0
outSAMfilter                      None   
outSAMmultNmax                    18446744073709551615
outSAMattrIHstart                 1
outSJfilterReads                  All
outSJfilterCountUniqueMin         3   1   1   1   
outSJfilterCountTotalMin          3   1   1   1   
outSJfilterOverhangMin            30   12   12   12   
outSJfilterDistToOtherSJmin       10   0   5   10   
outSJfilterIntronMaxVsReadN       50000   100000   200000   
outWigType                        None   
outWigStrand                      Stranded   
outWigReferencesPrefix            -
outWigNorm                        RPM   
outFilterType                     Normal
outFilterMultimapNmax             10
outFilterMultimapScoreRange       1
outFilterScoreMin                 0
outFilterScoreMinOverLread        0.66
outFilterMatchNmin                0
outFilterMatchNminOverLread       0.66
outFilterMismatchNmax             10
outFilterMismatchNoverLmax        0.3
outFilterMismatchNoverReadLmax    1
outFilterIntronMotifs             None
clip5pNbases                      0   
clip3pNbases                      0   
clip3pAfterAdapterNbases          0   
clip3pAdapterSeq                  -   
clip3pAdapterMMp                  0.1   
winBinNbits                       16
winAnchorDistNbins                9
winFlankNbins                     4
winAnchorMultimapNmax             50
winReadCoverageRelativeMin        0.5
winReadCoverageBasesMin           0
scoreGap                          0
scoreGapNoncan                    -8
scoreGapGCAG                      -4
scoreGapATAC                      -8
scoreStitchSJshift                1
scoreGenomicLengthLog2scale       -0.25
scoreDelBase                      -2
scoreDelOpen                      -2
scoreInsOpen                      -2
scoreInsBase                      -2
seedSearchLmax                    0
seedSearchStartLmax               50
seedSearchStartLmaxOverLread      1
seedPerReadNmax                   1000
seedPerWindowNmax                 50
seedNoneLociPerWindow             10
seedMultimapNmax                  10000
alignIntronMin                    21
alignIntronMax                    0
alignMatesGapMax                  0
alignTranscriptsPerReadNmax       10000
alignSJoverhangMin                5
alignSJDBoverhangMin              3
alignSJstitchMismatchNmax         0   -1   0   0   
alignSplicedMateMapLmin           0
alignSplicedMateMapLminOverLmate    0.66
alignWindowsPerReadNmax           10000
alignTranscriptsPerWindowNmax     100
alignEndsType                     Local
alignSoftClipAtReferenceEnds      Yes
alignEndsProtrude                 0   ConcordantPair   
chimSegmentMin                    0
chimScoreMin                      0
chimScoreDropMax                  20
chimScoreSeparation               10
chimScoreJunctionNonGTAG          -1
chimMainSegmentMultNmax           10
chimJunctionOverhangMin           20
chimOutType                       SeparateSAMold   
chimFilter                        banGenomicN   
chimSegmentReadGapMax             0
sjdbFileChrStartEnd               -   
sjdbGTFfile                       -
sjdbGTFchrPrefix                  -
sjdbGTFfeatureExon                exon
sjdbGTFtagExonParentTranscript    transcript_id
sjdbGTFtagExonParentGene          gene_id
sjdbOverhang                      100
sjdbScore                         2
sjdbInsertSave                    Basic
quantMode                         -   
quantTranscriptomeBAMcompression    1
quantTranscriptomeBan             IndelSoftclipSingleend
twopass1readsN                    18446744073709551615
twopassMode                       None
----------------------------------------


   Input read files for mate 1, from input string /data/biohub/20190717_Lardelli_RNASeq_Larvae/1_trimmedData/fastq/8G2Lardelli_2_R1.fq.gz
-rw-rw-r-- 1 a1018048 phoenix-hpc-biohub 1374839020 Jul 23 06:37 /data/biohub/20190717_Lardelli_RNASeq_Larvae/1_trimmedData/fastq/8G2Lardelli_2_R1.fq.gz

   readsCommandsFile:
exec > "/data/biohub/20190717_Lardelli_RNASeq_Larvae/2_alignedData/bam/8G2Lardelli_2_STARtmp/tmp.fifo.read1"
echo FILE 0
gunzip   -c      "/data/biohub/20190717_Lardelli_RNASeq_Larvae/1_trimmedData/fastq/8G2Lardelli_2_R1.fq.gz"

WARNING: --limitBAMsortRAM=0, will use genome size as RAM limit for BAM sorting
Finished loading and checking parameters
Reading genome generation parameters:
versionGenome                 20201        ~RE-DEFINED
genomeFastaFiles              Danio_rerio.GRCz11.dna.primary_assembly.fa        ~RE-DEFINED
genomeSAindexNbases           14     ~RE-DEFINED
genomeChrBinNbits             18     ~RE-DEFINED
genomeSAsparseD               1     ~RE-DEFINED
sjdbOverhang                  149     ~RE-DEFINED
sjdbFileChrStartEnd           -        ~RE-DEFINED
sjdbGTFfile                   Danio_rerio.GRCz11.96.chr.gtf     ~RE-DEFINED
sjdbGTFchrPrefix              -     ~RE-DEFINED
sjdbGTFfeatureExon            exon     ~RE-DEFINED
sjdbGTFtagExonParentTranscripttranscript_id     ~RE-DEFINED
sjdbGTFtagExonParentGene      gene_id     ~RE-DEFINED
sjdbInsertSave                Basic     ~RE-DEFINED
genomeFileSizes               1678412758   11914392777        ~RE-DEFINED
Genome version is compatible with current STAR version
Number of real (reference) chromosomes= 993
1	1	59578282	0
2	10	45420867	59768832
3	11	45484837	105381888
4	12	49182954	150994944
5	13	52186027	200278016
6	14	52660232	252706816
7	15	48040578	305397760
8	16	55266484	353632256
9	17	53461100	408944640
10	18	51023478	462422016
11	19	48449771	513540096
12	2	59640629	562036736
13	20	55201332	621805568
14	21	45934066	677117952
15	22	39133080	723255296
16	23	46223584	762576896
17	24	42172926	808976384
18	25	37502051	851181568
19	3	62628489	888930304
20	4	78093715	951582720
21	5	72500376	1029701632
22	6	60270059	1102315520
23	7	74282399	1162608640
24	8	54304671	1237057536
25	9	56459846	1291583488
26	MT	16596	1348206592
27	KN149696.2	368252	1348468736
28	KN147651.2	351968	1348993024
29	KN149690.1	343018	1349517312
30	KN149686.1	260365	1350041600
31	KN147652.2	252640	1350303744
32	KN149688.2	252035	1350565888
33	KN149691.1	233193	1350828032
34	KN147642.2	204646	1351090176
35	KN147636.1	203829	1351352320
36	KN149689.2	201817	1351614464
37	KN149695.1	190731	1351876608
38	KN150691.1	184625	1352138752
39	KN147632.2	184438	1352400896
40	KN147637.2	171924	1352663040
41	KN149687.1	165668	1352925184
42	KN149685.1	164780	1353187328
43	KN150214.1	162877	1353449472
44	KN149694.1	162759	1353711616
45	KZ116066.1	161442	1353973760
46	KZ116067.1	159186	1354235904
47	KN149684.1	159057	1354498048
48	KZ116064.1	153879	1354760192
49	KN149683.1	152860	1355022336
50	KN150230.1	149710	1355284480
51	KN150608.1	149650	1355546624
52	KN150171.1	140649	1355808768
53	KN149682.1	137468	1356070912
54	KN149847.1	130903	1356333056
55	KN150048.1	128109	1356595200
56	KN150487.1	123701	1356857344
57	KN149948.1	117499	1357119488
58	KN149790.1	115850	1357381632
59	KN149778.1	111598	1357643776
60	KN150375.1	111208	1357905920
61	KN150222.1	110669	1358168064
62	KN150425.1	110593	1358430208
63	KN150326.1	109565	1358692352
64	KN149698.1	108577	1358954496
65	KN150568.1	108195	1359216640
66	KN150158.1	106536	1359478784
67	KN150021.1	103967	1359740928
68	KN150578.1	103698	1360003072
69	KN150520.1	103159	1360265216
70	KN150605.1	102574	1360527360
71	KN149797.1	102101	1360789504
72	KN149702.1	100325	1361051648
73	KN150603.1	98280	1361313792
74	KN149748.1	96570	1361575936
75	KN149984.1	96477	1361838080
76	KN150258.1	95885	1362100224
77	KN150204.1	95149	1362362368
78	KN149895.1	92930	1362624512
79	KN150432.1	91010	1362886656
80	KN149826.1	90482	1363148800
81	KN150617.1	90208	1363410944
82	KN150431.1	89659	1363673088
83	KN149932.1	89521	1363935232
84	KN149904.1	89156	1364197376
85	KN150196.1	89077	1364459520
86	KN150616.1	88699	1364721664
87	KN150663.1	88608	1364983808
88	KN150630.1	86421	1365245952
89	KN150125.1	83315	1365508096
90	KN149968.1	82990	1365770240
91	KN150342.1	82590	1366032384
92	KN150529.1	81946	1366294528
93	KN150649.1	81249	1366556672
94	KN150060.1	80234	1366818816
95	KN150646.1	78076	1367080960
96	KN150670.1	77993	1367343104
97	KN149912.1	77979	1367605248
98	KN150267.1	77778	1367867392
99	KN150405.1	76919	1368129536
100	KN150471.1	76663	1368391680
101	KN149939.1	76611	1368653824
102	KN150022.1	76538	1368915968
103	KN149998.1	74724	1369178112
104	KN149714.1	74622	1369440256
105	KN150552.1	74050	1369702400
106	KN149784.1	73829	1369964544
107	KN150455.1	73536	1370226688
108	KN150700.2	71715	1370488832
109	KN150038.1	71326	1370750976
110	KN150131.1	70868	1371013120
111	KN149725.1	69829	1371275264
112	KN150000.1	69737	1371537408
113	KN150176.1	69061	1371799552
114	KN150098.1	68279	1372061696
115	KN150122.1	67534	1372323840
116	KN150677.1	66956	1372585984
117	KN150041.2	66431	1372848128
118	KN150709.1	65370	1373110272
119	KN149718.1	65247	1373372416
120	KN149880.1	64889	1373634560
121	KN149949.1	64126	1373896704
122	KN150666.1	63484	1374158848
123	KN150068.1	62725	1374420992
124	KN150449.1	62607	1374683136
125	KN150477.1	61693	1374945280
126	KN150031.1	60899	1375207424
127	KN150596.1	60847	1375469568
128	KN150241.1	60821	1375731712
129	KN149959.1	59274	1375993856
130	KN150476.1	59211	1376256000
131	KN149813.1	59009	1376518144
132	KN150105.1	58062	1376780288
133	KN149992.1	57912	1377042432
134	KN149990.1	57651	1377304576
135	KN150030.1	57074	1377566720
136	KN150106.1	56524	1377828864
137	KN150033.1	56448	1378091008
138	KN150653.1	55997	1378353152
139	KN149723.1	55784	1378615296
140	KN150170.1	55716	1378877440
141	KN150642.1	55536	1379139584
142	KN150118.1	54494	1379401728
143	KN150667.1	54201	1379663872
144	KN150361.1	53624	1379926016
145	KN150232.1	53540	1380188160
146	KN150133.2	53456	1380450304
147	KN149859.1	53306	1380712448
148	KN150104.1	53188	1380974592
149	KN149769.1	53048	1381236736
150	KN150123.1	51978	1381498880
151	KN149884.1	51715	1381761024
152	KN150606.1	51696	1382023168
153	KN150676.1	51674	1382285312
154	KZ116011.1	51615	1382547456
155	KN149739.1	51610	1382809600
156	KN150265.1	51555	1383071744
157	KN150347.1	51528	1383333888
158	KN149812.1	51419	1383596032
159	KN150077.1	51360	1383858176
160	KN149710.1	50974	1384120320
161	KN150173.1	50946	1384382464
162	KN150259.1	50098	1384644608
163	KN150592.1	50000	1384906752
164	KN150351.1	49608	1385168896
165	KN150567.1	49566	1385431040
166	KN150083.1	49514	1385693184
167	KN150166.1	49457	1385955328
168	KN150136.1	49373	1386217472
169	KN150516.1	49339	1386479616
170	KN149693.1	49295	1386741760
171	KN149865.1	49167	1387003904
172	KN150336.1	48672	1387266048
173	KN150117.1	48543	1387528192
174	KN150479.1	48186	1387790336
175	KN150269.1	48062	1388052480
176	KN150703.1	48009	1388314624
177	KN149717.1	47589	1388576768
178	KN149719.1	47531	1388838912
179	KN150179.1	47473	1389101056
180	KN149840.1	46864	1389363200
181	KN150079.1	46800	1389625344
182	KN149760.1	46605	1389887488
183	KN149953.1	46218	1390149632
184	KN150548.1	46061	1390411776
185	KN150243.2	45964	1390673920
186	KN150459.1	45603	1390936064
187	KN150049.1	45008	1391198208
188	KN150331.1	44968	1391460352
189	KN150148.1	44589	1391722496
190	KN150335.1	44504	1391984640
191	KN150252.1	43133	1392246784
192	KN149958.1	43073	1392508928
193	KN150244.1	42860	1392771072
194	KN150708.1	42677	1393033216
195	KN150191.1	42303	1393295360
196	KN150570.1	42279	1393557504
197	KN149716.1	42229	1393819648
198	KN149800.1	42049	1394081792
199	KN150619.1	41925	1394343936
200	KN150675.1	41858	1394606080
201	KN150557.1	41459	1394868224
202	KN150466.1	41319	1395130368
203	KN149697.1	40969	1395392512
204	KN150293.1	40764	1395654656
205	KN150172.1	40634	1395916800
206	KN150518.1	40394	1396178944
207	KN149754.1	40214	1396441088
208	KN149749.1	40089	1396703232
209	KN149909.1	40056	1396965376
210	KN149700.1	40050	1397227520
211	KN149787.1	39794	1397489664
212	KN150398.1	39557	1397751808
213	KN150303.1	39288	1398013952
214	KN150505.1	39265	1398276096
215	KN149906.1	38987	1398538240
216	KN150189.1	38868	1398800384
217	KN149680.1	38724	1399062528
218	KN150511.1	38183	1399324672
219	KN150035.1	38086	1399586816
220	KN150080.1	37662	1399848960
221	KN150547.1	37420	1400111104
222	KN150609.1	37413	1400373248
223	KZ116065.1	37354	1400635392
224	KZ116044.1	37221	1400897536
225	KN150408.1	37191	1401159680
226	KN150385.1	37055	1401421824
227	KN149692.1	36911	1401683968
228	KN150137.1	36779	1401946112
229	KN149923.1	36729	1402208256
230	KN150306.1	36728	1402470400
231	KN150631.1	36324	1402732544
232	KN150576.1	36129	1402994688
233	KN149782.1	36097	1403256832
234	KN150386.1	35900	1403518976
235	KN150414.1	35871	1403781120
236	KN150493.1	35575	1404043264
237	KN149973.1	35555	1404305408
238	KN149856.1	35330	1404567552
239	KN150159.1	35229	1404829696
240	KN150062.1	35038	1405091840
241	KN149836.1	34954	1405353984
242	KN150400.1	34930	1405616128
243	KZ115987.1	34728	1405878272
244	KN150403.1	34697	1406140416
245	KN149795.1	34615	1406402560
246	KZ116019.1	34606	1406664704
247	KN149989.1	34480	1406926848
248	KN150102.1	34431	1407188992
249	KN150005.1	34409	1407451136
250	KN150272.1	34295	1407713280
251	KZ116059.1	34033	1407975424
252	KN150628.1	33906	1408237568
253	KN150416.1	33835	1408499712
254	KZ115974.1	33679	1408761856
255	KZ116034.1	33615	1409024000
256	KN149996.1	33528	1409286144
257	KN150015.1	33441	1409548288
258	KN149850.1	33401	1409810432
259	KN149815.1	33337	1410072576
260	KN150127.1	33302	1410334720
261	KN149706.1	33279	1410596864
262	KN149843.1	33258	1410859008
263	KN150156.1	33247	1411121152
264	KN149946.1	33071	1411383296
265	KN150626.1	32850	1411645440
266	KN150181.1	32761	1411907584
267	KN150165.1	32739	1412169728
268	KN150055.1	32561	1412431872
269	KZ116029.1	32560	1412694016
270	KN150580.1	32349	1412956160
271	KN150043.1	31984	1413218304
272	KN150698.1	31983	1413480448
273	KN150227.1	31979	1413742592
274	KN150200.1	31861	1414004736
275	KN149982.1	31814	1414266880
276	KN150407.1	31814	1414529024
277	KZ116024.1	31767	1414791168
278	KN150240.1	31723	1415053312
279	KN150263.1	31336	1415315456
280	KN150341.1	31147	1415577600
281	KN150278.1	30978	1415839744
282	KN149767.1	30874	1416101888
283	KN150042.1	30789	1416364032
284	KN150620.1	30729	1416626176
285	KN150492.2	30275	1416888320
286	KN149753.1	30249	1417150464
287	KN149852.1	30223	1417412608
288	KN150111.1	29931	1417674752
289	KN150379.1	29907	1417936896
290	KN149925.1	29860	1418199040
291	KN150220.1	29625	1418461184
292	KN149943.1	29608	1418723328
293	KN150372.1	29560	1418985472
294	KN150032.1	29546	1419247616
295	KN150066.1	29537	1419509760
296	KN150056.1	29449	1419771904
297	KN150255.2	29368	1420034048
298	KN150656.2	29322	1420296192
299	KN150428.1	29216	1420558336
300	KN149765.1	29197	1420820480
301	KN150085.1	29177	1421082624
302	KN150349.1	29114	1421344768
303	KN150134.1	29067	1421606912
304	KN149838.1	29025	1421869056
305	KN150572.1	28871	1422131200
306	KN150340.1	28741	1422393344
307	KN149846.1	28664	1422655488
308	KN150074.1	28653	1422917632
309	KN150330.1	28440	1423179776
310	KN150168.1	28382	1423441920
311	KN149921.1	28254	1423704064
312	KN150495.1	28160	1423966208
313	KN150221.1	28122	1424228352
314	KN150643.1	28088	1424490496
315	KN150651.1	28018	1424752640
316	KN149893.1	27995	1425014784
317	KN150635.1	27947	1425276928
318	KN149705.1	27926	1425539072
319	KN149709.1	27814	1425801216
320	KN149737.1	27700	1426063360
321	KN150639.1	27620	1426325504
322	KN150537.1	27568	1426587648
323	KN150120.1	27511	1426849792
324	KN150357.1	27326	1427111936
325	KN150067.1	27325	1427374080
326	KN149829.1	27323	1427636224
327	KZ116033.1	27103	1427898368
328	KN150251.1	26988	1428160512
329	KN150343.1	26928	1428422656
330	KN150508.1	26814	1428684800
331	KN150489.1	26739	1428946944
332	KN150573.1	26604	1429209088
333	KN150559.1	26580	1429471232
334	KN150025.1	26343	1429733376
335	KN150661.1	26250	1429995520
336	KN150690.1	26145	1430257664
337	KN150699.1	26100	1430519808
338	KN149775.2	26074	1430781952
339	KN149818.1	25942	1431044096
340	KN149814.1	25878	1431306240
341	KN149835.1	25861	1431568384
342	KN150478.1	25813	1431830528
343	KN150291.1	25796	1432092672
344	KN150017.1	25636	1432354816
345	KN149796.1	25635	1432616960
346	KN149721.1	25462	1432879104
347	KN149794.1	25440	1433141248
348	KN150468.1	25381	1433403392
349	KN150450.1	25362	1433665536
350	KN150285.1	25361	1433927680
351	KN150352.2	25352	1434189824
352	KN150226.1	25293	1434451968
353	KN149944.1	24909	1434714112
354	KN149727.1	24871	1434976256
355	KN150464.1	24865	1435238400
356	KN150126.1	24847	1435500544
357	KN149892.1	24638	1435762688
358	KN150462.1	24623	1436024832
359	KN150175.1	24612	1436286976
360	KN147552.2	24373	1436549120
361	KN150084.1	24192	1436811264
362	KN150114.1	24178	1437073408
363	KN150224.1	24154	1437335552
364	KN150684.1	24053	1437597696
365	KN150061.1	24048	1437859840
366	KN150324.1	24032	1438121984
367	KN150203.1	24004	1438384128
368	KN150186.1	23923	1438646272
369	KN150282.1	23758	1438908416
370	KN150579.1	23586	1439170560
371	KN150299.1	23511	1439432704
372	KN150297.1	23472	1439694848
373	KN149924.1	23395	1439956992
374	KN149855.1	23165	1440219136
375	KN150490.1	23057	1440481280
376	KN150384.1	22969	1440743424
377	KN150562.1	22875	1441005568
378	KN150332.1	22862	1441267712
379	KN150645.1	22839	1441529856
380	KN149979.1	22834	1441792000
381	KN150363.1	22766	1442054144
382	KN150602.1	22730	1442316288
383	KN149871.1	22553	1442578432
384	KN150334.1	22542	1442840576
385	KN150625.1	22486	1443102720
386	KN150501.1	22392	1443364864
387	KN150270.1	22285	1443627008
388	KN150388.1	22284	1443889152
389	KN150183.1	22266	1444151296
390	KN150561.1	22238	1444413440
391	KN150289.1	22206	1444675584
392	KN150023.1	22153	1444937728
393	KN149825.1	22128	1445199872
394	KZ115964.1	21985	1445462016
395	KN149741.1	21941	1445724160
396	KN150668.1	21856	1445986304
397	KN150154.1	21695	1446248448
398	KZ115982.1	21678	1446510592
399	KN150177.1	21670	1446772736
400	KN149779.1	21664	1447034880
401	KN149733.1	21637	1447297024
402	KN150532.1	21602	1447559168
403	KN150016.1	21592	1447821312
404	KN150426.1	21499	1448083456
405	KN150058.1	21348	1448345600
406	KN149919.1	21073	1448607744
407	KN149743.1	21023	1448869888
408	KN150309.1	20999	1449132032
409	KN150521.1	20896	1449394176
410	KN150640.1	20890	1449656320
411	KN150411.1	20886	1449918464
412	KN150527.1	20880	1450180608
413	KN150063.1	20846	1450442752
414	KN150047.1	20749	1450704896
415	KN150313.1	20655	1450967040
416	KN149961.1	20600	1451229184
417	KN149708.1	20567	1451491328
418	KN150644.1	20534	1451753472
419	KN150636.1	20513	1452015616
420	KN150310.1	20509	1452277760
421	KN150565.1	20464	1452539904
422	KN150225.1	20429	1452802048
423	KN150315.1	20424	1453064192
424	KN149849.1	20421	1453326336
425	KN150337.1	20260	1453588480
426	KN150242.1	20063	1453850624
427	KN150327.1	19949	1454112768
428	KN150040.1	19896	1454374912
429	KN150500.1	19866	1454637056
430	KN150019.2	19834	1454899200
431	KN149764.1	19831	1455161344
432	KN149955.1	19758	1455423488
433	KN150140.2	19733	1455685632
434	KN149780.1	19718	1455947776
435	KZ116031.1	19707	1456209920
436	KN150344.1	19681	1456472064
437	KN149763.1	19644	1456734208
438	KN150322.1	19644	1456996352
439	KN150353.1	19631	1457258496
440	KN150710.1	19629	1457520640
441	KN150629.1	19604	1457782784
442	KN149974.1	19596	1458044928
443	KN150633.1	19558	1458307072
444	KN150689.1	19550	1458569216
445	KN150325.1	19525	1458831360
446	KN150028.1	19517	1459093504
447	KZ115949.1	19487	1459355648
448	KN150514.1	19391	1459617792
449	KN150594.1	19382	1459879936
450	KN150399.1	19362	1460142080
451	KZ116043.1	19339	1460404224
452	KN150236.1	19315	1460666368
453	KN150113.1	19310	1460928512
454	KN150187.1	19179	1461190656
455	KN150390.1	19066	1461452800
456	KZ116004.1	19050	1461714944
457	KN149715.1	19020	1461977088
458	KN150599.1	19019	1462239232
459	KN150523.1	19004	1462501376
460	KN150589.1	18957	1462763520
461	KN150212.1	18932	1463025664
462	KN150195.1	18921	1463287808
463	KN150308.1	18907	1463549952
464	KN150157.1	18756	1463812096
465	KN150115.1	18676	1464074240
466	KN150301.1	18664	1464336384
467	KN148869.2	18523	1464598528
468	KN150234.1	18511	1464860672
469	KN150574.1	18499	1465122816
470	KN150368.1	18491	1465384960
471	KN150454.1	18479	1465647104
472	KN150654.1	18414	1465909248
473	KN150248.1	18273	1466171392
474	KN150290.1	18248	1466433536
475	KN149914.1	18241	1466695680
476	KZ115972.1	18193	1466957824
477	KN150404.1	18160	1467219968
478	KN150323.1	18137	1467482112
479	KN150284.1	18131	1467744256
480	KN150652.1	18075	1468006400
481	KN149762.1	17936	1468268544
482	KN150536.1	17908	1468530688
483	KN149983.1	17884	1468792832
484	KZ115994.1	17825	1469054976
485	KN150160.1	17824	1469317120
486	KN150662.1	17820	1469579264
487	KN150436.1	17739	1469841408
488	KN150009.1	17727	1470103552
489	KN150564.1	17709	1470365696
490	KZ115993.1	17707	1470627840
491	KN150429.1	17683	1470889984
492	KN149768.1	17671	1471152128
493	KN150534.1	17661	1471414272
494	KN150549.1	17599	1471676416
495	KN148038.2	17585	1471938560
496	KN150488.1	17582	1472200704
497	KN150545.1	17546	1472462848
498	KN150475.1	17517	1472724992
499	KN149970.1	17511	1472987136
500	KN150458.1	17481	1473249280
501	KN150002.1	17430	1473511424
502	KN150328.1	17410	1473773568
503	KN149860.1	17408	1474035712
504	KN150586.1	17388	1474297856
505	KN149834.1	17343	1474560000
506	KN150483.1	17332	1474822144
507	KN150397.1	17295	1475084288
508	KN150312.1	17282	1475346432
509	KN149791.1	17273	1475608576
510	KZ116008.1	17226	1475870720
511	KZ116021.1	17216	1476132864
512	KN150406.1	17215	1476395008
513	KN150362.1	17145	1476657152
514	KN150394.1	17139	1476919296
515	KN150141.1	17117	1477181440
516	KN149888.1	17117	1477443584
517	KN150228.1	17061	1477705728
518	KN150345.1	17012	1477967872
519	KN150264.1	16955	1478230016
520	KN149993.1	16921	1478492160
521	KN150683.1	16822	1478754304
522	KN149978.1	16801	1479016448
523	KN150219.1	16672	1479278592
524	KN150059.1	16588	1479540736
525	KN150199.1	16564	1479802880
526	KN150571.1	16505	1480065024
527	KN149913.1	16487	1480327168
528	KZ116053.1	16466	1480589312
529	KN150430.1	16452	1480851456
530	KN150211.1	16386	1481113600
531	KN150184.1	16312	1481375744
532	KN149747.1	16275	1481637888
533	KN150517.1	16171	1481900032
534	KZ115958.1	16150	1482162176
535	KN149757.1	16145	1482424320
536	KN150054.1	16143	1482686464
537	KN150213.1	16101	1482948608
538	KN149936.1	16058	1483210752
539	KN149732.1	16041	1483472896
540	KN150634.1	16020	1483735040
541	KN149803.1	16018	1483997184
542	KN150052.1	15943	1484259328
543	KN149751.1	15848	1484521472
544	KN150622.1	15811	1484783616
545	KN150319.1	15807	1485045760
546	KN150311.1	15747	1485307904
547	KN150613.1	15739	1485570048
548	KN150360.1	15639	1485832192
549	KN150008.1	15572	1486094336
550	KN150526.1	15513	1486356480
551	KN150202.1	15451	1486618624
552	KN150246.1	15365	1486880768
553	KN150218.1	15354	1487142912
554	KN150669.1	15325	1487405056
555	KN150540.1	15288	1487667200
556	KN150268.1	15280	1487929344
557	KN150387.1	15215	1488191488
558	KN150682.1	15190	1488453632
559	KN149806.1	15157	1488715776
560	KZ116003.1	15105	1488977920
561	KZ116000.1	15093	1489240064
562	KN150364.1	15084	1489502208
563	KN150413.1	15078	1489764352
564	KN150422.1	15053	1490026496
565	KN149810.1	15043	1490288640
566	KN150144.1	14974	1490550784
567	KN150484.1	14965	1490812928
568	KN150071.1	14960	1491075072
569	KN150421.1	14951	1491337216
570	KN150647.1	14938	1491599360
571	KZ116020.1	14934	1491861504
572	KN150418.1	14930	1492123648
573	KN150451.1	14920	1492385792
574	KN150550.1	14915	1492647936
575	KN150317.1	14866	1492910080
576	KN149730.1	14804	1493172224
577	KN149761.1	14795	1493434368
578	KN149965.1	14790	1493696512
579	KN150641.1	14778	1493958656
580	KN149866.1	14752	1494220800
581	KN150093.1	14738	1494482944
582	KN149766.1	14664	1494745088
583	KZ116054.1	14656	1495007232
584	KN150469.1	14614	1495269376
585	KN150064.1	14598	1495531520
586	KN150472.1	14586	1495793664
587	KN150713.1	14579	1496055808
588	KN150092.1	14544	1496317952
589	KN150197.1	14532	1496580096
590	KN150076.1	14425	1496842240
591	KN150593.1	14353	1497104384
592	KN149861.1	14336	1497366528
593	KN150506.1	14319	1497628672
594	KZ116026.1	14318	1497890816
595	KN149928.1	14297	1498152960
596	KN150420.1	14290	1498415104
597	KZ116047.1	14251	1498677248
598	KN149771.1	14151	1498939392
599	KZ115986.1	14146	1499201536
600	KN150419.1	14114	1499463680
601	KN149937.1	14110	1499725824
602	KN150588.1	14103	1499987968
603	KZ115985.1	14091	1500250112
604	KN150382.1	14074	1500512256
605	KN149999.1	14071	1500774400
606	KN150070.1	14070	1501036544
607	KN150679.1	14065	1501298688
608	KN149905.1	14056	1501560832
609	KN150073.1	14052	1501822976
610	KN149897.1	14044	1502085120
611	KN149823.1	14034	1502347264
612	KN150553.1	14032	1502609408
613	KN150132.1	13999	1502871552
614	KN150283.1	13933	1503133696
615	KN149750.1	13928	1503395840
616	KN149703.1	13902	1503657984
617	KN150217.1	13840	1503920128
618	KN150371.1	13836	1504182272
619	KN150275.1	13800	1504444416
620	KZ116001.1	13723	1504706560
621	KN150577.1	13719	1504968704
622	KN149969.1	13714	1505230848
623	KN149899.1	13632	1505492992
624	KN150194.1	13629	1505755136
625	KN149941.1	13607	1506017280
626	KN150453.1	13591	1506279424
627	KN150014.1	13588	1506541568
628	KN150250.1	13560	1506803712
629	KN149827.1	13555	1507065856
630	KN150302.1	13538	1507328000
631	KN150671.1	13526	1507590144
632	KN150167.1	13466	1507852288
633	KN150174.1	13450	1508114432
634	KN149933.1	13433	1508376576
635	KN149722.1	13397	1508638720
636	KN150680.1	13379	1508900864
637	KN148828.2	13322	1509163008
638	KN150072.1	13309	1509425152
639	KN150685.1	13309	1509687296
640	KN149793.1	13298	1509949440
641	KN150329.1	13297	1510211584
642	KN150687.1	13294	1510473728
643	KN149772.1	13273	1510735872
644	KZ116037.1	13248	1510998016
645	KN150510.1	13237	1511260160
646	KN150528.1	13138	1511522304
647	KZ116006.1	13138	1511784448
648	KZ116042.1	13126	1512046592
649	KN150089.1	13104	1512308736
650	KN149896.1	13102	1512570880
651	KN150007.1	13072	1512833024
652	KN150004.2	13059	1513095168
653	KN150502.1	13027	1513357312
654	KN150491.1	13001	1513619456
655	KN149839.1	12998	1513881600
656	KZ116041.1	12997	1514143744
657	KN150011.1	12995	1514405888
658	KN149789.1	12990	1514668032
659	KN150276.1	12942	1514930176
660	KN149864.1	12929	1515192320
661	KN150081.1	12836	1515454464
662	KN149853.1	12817	1515716608
663	KN149981.1	12811	1515978752
664	KN149908.1	12800	1516240896
665	KN150257.1	12735	1516503040
666	KN150697.1	12709	1516765184
667	KZ115979.1	12653	1517027328
668	KN150161.1	12647	1517289472
669	KN150271.1	12637	1517551616
670	KN150193.1	12580	1517813760
671	KN150210.1	12550	1518075904
672	KN149922.1	12529	1518338048
673	KN149807.1	12512	1518600192
674	KN150595.1	12507	1518862336
675	KN150598.1	12499	1519124480
676	KN149832.1	12483	1519386624
677	KZ116039.1	12461	1519648768
678	KN150314.1	12455	1519910912
679	KN149938.1	12455	1520173056
680	KN150446.1	12446	1520435200
681	KN150441.1	12439	1520697344
682	KN149883.1	12434	1520959488
683	KN149805.1	12432	1521221632
684	KN150585.1	12430	1521483776
685	KN150029.1	12415	1521745920
686	KN150582.1	12396	1522008064
687	KN150581.1	12355	1522270208
688	KN149774.1	12337	1522532352
689	KN150541.1	12323	1522794496
690	KN150260.1	12318	1523056640
691	KN150333.1	12275	1523318784
692	KN150128.1	12262	1523580928
693	KN150249.1	12261	1523843072
694	KN150274.1	12247	1524105216
695	KN149872.1	12222	1524367360
696	KN150542.1	12167	1524629504
697	KN150380.1	12144	1524891648
698	KN150254.1	12144	1525153792
699	KN150538.1	12119	1525415936
700	KN150558.1	12115	1525678080
701	KZ115981.1	12102	1525940224
702	KN150078.1	12098	1526202368
703	KN149851.1	12094	1526464512
704	KN150504.1	12094	1526726656
705	KN150393.1	12073	1526988800
706	KN150445.1	12072	1527250944
707	KN150392.1	12069	1527513088
708	KN150434.1	12053	1527775232
709	KN149770.1	12046	1528037376
710	KN150522.1	12046	1528299520
711	KN149890.1	12029	1528561664
712	KN150090.1	12028	1528823808
713	KN149995.1	12015	1529085952
714	KN150012.1	11998	1529348096
715	KN149862.1	11987	1529610240
716	KN150519.1	11974	1529872384
717	KN149887.1	11971	1530134528
718	KN149863.1	11955	1530396672
719	KN149927.1	11950	1530658816
720	KN150665.1	11944	1530920960
721	KN149755.1	11941	1531183104
722	KN150711.1	11940	1531445248
723	KN150020.1	11925	1531707392
724	KN149879.1	11893	1531969536
725	KN149783.1	11892	1532231680
726	KN149940.1	11887	1532493824
727	KN149976.1	11858	1532755968
728	KN150287.1	11856	1533018112
729	KN149724.1	11849	1533280256
730	KN150509.1	11846	1533542400
731	KN150499.1	11840	1533804544
732	KN150443.1	11834	1534066688
733	KN150444.1	11830	1534328832
734	KN150659.1	11827	1534590976
735	KN149756.1	11785	1534853120
736	KN150182.1	11735	1535115264
737	KN150097.1	11690	1535377408
738	KN150632.1	11627	1535639552
739	KN149711.1	11473	1535901696
740	KN150369.1	11460	1536163840
741	KZ115980.1	11444	1536425984
742	KN149828.1	11414	1536688128
743	KN150279.1	11402	1536950272
744	KN150190.1	11399	1537212416
745	KZ115989.1	11382	1537474560
746	KN149903.1	11318	1537736704
747	KN150164.1	11300	1537998848
748	KN149876.1	11298	1538260992
749	KN149971.1	11275	1538523136
750	KN149792.1	11232	1538785280
751	KN150467.1	11202	1539047424
752	KN150601.1	11167	1539309568
753	KZ115950.1	11151	1539571712
754	KN149817.1	11116	1539833856
755	KZ115969.1	11096	1540096000
756	KN150575.1	11084	1540358144
757	KZ116007.1	11049	1540620288
758	KN149977.2	11023	1540882432
759	KZ115956.1	11017	1541144576
760	KN149900.1	11016	1541406720
761	KZ116018.1	11006	1541668864
762	KZ115971.1	10999	1541931008
763	KN150162.1	10930	1542193152
764	KN149746.1	10900	1542455296
765	KN150546.1	10851	1542717440
766	KN150365.1	10769	1542979584
767	KN150057.1	10736	1543241728
768	KN149881.1	10736	1543503872
769	KZ115966.1	10700	1543766016
770	KZ115983.1	10690	1544028160
771	KN149738.1	10603	1544290304
772	KZ116056.1	10581	1544552448
773	KN150610.1	10565	1544814592
774	KN150006.1	10518	1545076736
775	KN149901.1	10512	1545338880
776	KN150280.1	10487	1545601024
777	KZ115960.1	10408	1545863168
778	KN149915.1	10395	1546125312
779	KN150045.2	10364	1546387456
780	KN150439.1	10343	1546649600
781	KN149848.1	10341	1546911744
782	KN150389.1	10334	1547173888
783	KN150155.1	10282	1547436032
784	KN150296.1	10238	1547698176
785	KN150513.1	10220	1547960320
786	KN149720.1	10211	1548222464
787	KN149819.1	10210	1548484608
788	KN149844.1	10201	1548746752
789	KN149889.1	10166	1549008896
790	KN149804.1	10148	1549271040
791	KN149857.1	10132	1549533184
792	KN149816.1	10128	1549795328
793	KN150494.1	10108	1550057472
794	KN149713.1	10094	1550319616
795	KN149841.1	10085	1550581760
796	KN150401.1	10081	1550843904
797	KN150366.1	10057	1551106048
798	KZ116015.1	9998	1551368192
799	KN150292.1	9984	1551630336
800	KN150145.1	9970	1551892480
801	KN150358.1	9951	1552154624
802	KN149988.1	9944	1552416768
803	KN150555.1	9941	1552678912
804	KN150130.1	9925	1552941056
805	KN150615.1	9878	1553203200
806	KN149991.1	9871	1553465344
807	KN149907.1	9870	1553727488
808	KN150065.1	9859	1553989632
809	KN150110.1	9804	1554251776
810	KN150395.1	9792	1554513920
811	KN150150.1	9780	1554776064
812	KN150374.1	9775	1555038208
813	KN150146.1	9714	1555300352
814	KN150412.1	9605	1555562496
815	KN150664.1	9590	1555824640
816	KN150607.1	9531	1556086784
817	KZ116002.1	9522	1556348928
818	KN149758.1	9515	1556611072
819	KZ116012.1	9499	1556873216
820	KN150300.1	9489	1557135360
821	KN150201.1	9480	1557397504
822	KN150238.1	9450	1557659648
823	KN149728.1	9442	1557921792
824	KN150551.1	9435	1558183936
825	KN150152.1	9348	1558446080
826	KZ115962.1	9328	1558708224
827	KN150556.1	9286	1558970368
828	KN150554.1	9251	1559232512
829	KN150350.1	9245	1559494656
830	KN150100.1	9237	1559756800
831	KN149960.1	9235	1560018944
832	KN149935.1	9230	1560281088
833	KN150095.1	9204	1560543232
834	KN150307.1	9167	1560805376
835	KN150044.1	9097	1561067520
836	KZ115998.1	9069	1561329664
837	KN150286.1	9068	1561591808
838	KN150614.1	9019	1561853952
839	KZ115999.1	8942	1562116096
840	KN150591.1	8817	1562378240
841	KN149788.1	8794	1562640384
842	KN150082.1	8788	1562902528
843	KN149811.1	8720	1563164672
844	KN150185.1	8651	1563426816
845	KZ115965.1	8631	1563688960
846	KN149967.1	8612	1563951104
847	KN150486.1	8572	1564213248
848	KZ116049.1	8498	1564475392
849	KN150013.1	8488	1564737536
850	KN150587.1	8461	1564999680
851	KN150121.1	8447	1565261824
852	KN150452.1	8345	1565523968
853	KN150396.1	8176	1565786112
854	KN149745.1	8150	1566048256
855	KN150655.1	8089	1566310400
856	KZ115990.1	8014	1566572544
857	KN149837.1	8007	1566834688
858	KN149980.1	7980	1567096832
859	KN150147.1	7977	1567358976
860	KZ115948.1	7895	1567621120
861	KZ116023.1	7875	1567883264
862	KZ116060.1	7854	1568145408
863	KN150094.1	7824	1568407552
864	KN150383.1	7777	1568669696
865	KZ115954.1	7681	1568931840
866	KN149882.1	7649	1569193984
867	KN150678.1	7552	1569456128
868	KN149878.1	7547	1569718272
869	KZ115968.1	7463	1569980416
870	KN149707.2	7455	1570242560
871	KN150485.1	7348	1570504704
872	KZ115973.1	7329	1570766848
873	KN150530.1	7299	1571028992
874	KZ116055.1	7229	1571291136
875	KZ116013.1	7022	1571553280
876	KZ116010.1	6942	1571815424
877	KZ116062.1	6923	1572077568
878	KZ115952.1	6745	1572339712
879	KN150355.1	6731	1572601856
880	KN149931.1	6703	1572864000
881	KZ116050.1	6653	1573126144
882	KN149854.1	6367	1573388288
883	KN149997.1	6296	1573650432
884	KN149950.1	5952	1573912576
885	KZ116032.1	5873	1574174720
886	KZ116046.1	5807	1574436864
887	KN149735.1	5747	1574699008
888	KN149729.1	5608	1574961152
889	KZ115963.1	5511	1575223296
890	KN149874.1	5295	1575485440
891	KZ116016.1	5168	1575747584
892	KZ115995.1	5114	1576009728
893	KZ115996.1	5023	1576271872
894	KN149951.1	5000	1576534016
895	KZ115970.1	4964	1576796160
896	KZ116057.1	4882	1577058304
897	KZ115978.1	4867	1577320448
898	KN149801.1	4454	1577582592
899	KN149916.1	4293	1577844736
900	KZ116058.1	4138	1578106880
901	KN150103.1	4090	1578369024
902	KZ116027.1	4074	1578631168
903	KZ115997.1	3918	1578893312
904	KZ116025.1	3864	1579155456
905	KN149917.1	3831	1579417600
906	KN149701.1	3760	1579679744
907	KZ115991.1	3745	1579941888
908	KN149926.1	3688	1580204032
909	KZ116030.1	3552	1580466176
910	KN150039.1	3463	1580728320
911	KN150112.1	3423	1580990464
912	KZ115976.1	3381	1581252608
913	KZ116028.1	3289	1581514752
914	KN150253.1	3149	1581776896
915	KZ116040.1	3054	1582039040
916	KZ115957.1	3033	1582301184
917	KN150650.1	3012	1582563328
918	KN150037.1	2866	1582825472
919	KZ116017.1	2865	1583087616
920	KN149742.1	2671	1583349760
921	KZ115955.1	2649	1583611904
922	KN150205.1	2620	1583874048
923	KZ116063.1	2601	1584136192
924	KN150318.1	2580	1584398336
925	KN149822.1	2460	1584660480
926	KZ116051.1	2418	1584922624
927	KN149824.1	2357	1585184768
928	KN150543.1	2343	1585446912
929	KN150231.1	2322	1585709056
930	KN150535.1	2315	1585971200
931	KZ115988.1	2311	1586233344
932	KN150560.1	2301	1586495488
933	KZ115984.1	2298	1586757632
934	KN150233.1	2246	1587019776
935	KZ115967.1	2223	1587281920
936	KZ115959.1	2076	1587544064
937	KN150206.1	2052	1587806208
938	KZ116045.1	2029	1588068352
939	KN150470.1	2027	1588330496
940	KZ116052.1	2026	1588592640
941	KN149809.1	2001	1588854784
942	KN150051.1	1995	1589116928
943	KN149798.1	1990	1589379072
944	KZ116005.1	1920	1589641216
945	KZ116022.1	1919	1589903360
946	KZ116036.1	1919	1590165504
947	KN150034.1	1919	1590427648
948	KN150583.1	1918	1590689792
949	KZ115977.1	1917	1590951936
950	KN149956.1	1889	1591214080
951	KN150180.1	1872	1591476224
952	KN150503.1	1834	1591738368
953	KZ115961.1	1814	1592000512
954	KN150515.1	1813	1592262656
955	KZ116035.1	1766	1592524800
956	KN150465.1	1765	1592786944
957	KN149786.1	1745	1593049088
958	KN150237.1	1732	1593311232
959	KN150024.1	1714	1593573376
960	KZ116061.1	1669	1593835520
961	KZ115975.1	1668	1594097664
962	KN150086.1	1639	1594359808
963	KN149785.1	1577	1594621952
964	KN149777.1	1553	1594884096
965	KZ116014.1	1536	1595146240
966	KN149867.1	1514	1595408384
967	KZ115951.1	1460	1595670528
968	KN150354.1	1452	1595932672
969	KZ116038.1	1428	1596194816
970	KZ116009.1	1395	1596456960
971	KZ116048.1	1356	1596719104
972	KN149885.1	1347	1596981248
973	KN150473.1	1285	1597243392
974	KZ115953.1	1282	1597505536
975	KN149740.1	1265	1597767680
976	KN150437.1	1262	1598029824
977	KN150229.1	1251	1598291968
978	KZ115992.1	1250	1598554112
979	KN150320.1	1241	1598816256
980	KN150215.1	1237	1599078400
981	KN150621.1	1204	1599340544
982	KN150544.1	1198	1599602688
983	KN150440.1	1193	1599864832
984	KN149873.1	1146	1600126976
985	KN150119.1	1143	1600389120
986	KN150338.1	1142	1600651264
987	KN150701.1	1133	1600913408
988	KN150623.1	1126	1601175552
989	KN149957.1	1094	1601437696
990	KN150018.1	1063	1601699840
991	KN150216.1	1020	1601961984
992	KN150481.1	1008	1602224128
993	KN150525.1	650	1602486272
--sjdbOverhang = 149 taken from the generated genome
Started loading the genome: Tue Jul 23 07:54:34 2019

Genome: size given as a parameter = 1678412758
SA: size given as a parameter = 11914392777
/SAindex: size given as a parameter = 1
Read from SAindex: genomeSAindexNbases=14  nSAi=357913940
nGenome=1678412758;  nSAbyte=11914392777
GstrandBit=32   SA number of indices=2888337642
Shared memory is not used for genomes. Allocated a private copy of the genome.
Genome file size: 1678412758 bytes; state: good=1 eof=0 fail=0 bad=0
Loading Genome ... done! state: good=1 eof=0 fail=0 bad=0; loaded 1678412758 bytes
SA file size: 11914392777 bytes; state: good=1 eof=0 fail=0 bad=0
Loading SA ... done! state: good=1 eof=0 fail=0 bad=0; loaded 11914392777 bytes
Loading SAindex ... done: 1565873619 bytes
Finished loading the genome: Tue Jul 23 07:54:39 2019

Processing splice junctions database sjdbN=253058,   sjdbOverhang=149 
alignIntronMax=alignMatesGapMax=0, the max intron size will be approximately determined by (2^winBinNbits)*winAnchorDistNbins=589824
Created thread # 1
Starting to map file # 0
mate 1:   /data/biohub/20190717_Lardelli_RNASeq_Larvae/1_trimmedData/fastq/8G2Lardelli_2_R1.fq.gz
Created thread # 2
Created thread # 3
Created thread # 4
Created thread # 5
Created thread # 6
Created thread # 7
Created thread # 8
Created thread # 9
Created thread # 10
Created thread # 11
Created thread # 12
Created thread # 13
Created thread # 14
Created thread # 15
BAM sorting: 262656 mapped reads
BAM sorting bins genomic start loci:
1	1	32079934
2	3	27571598
3	5	33755244
4	7	26013141
5	9	5494913
6	10	43120838
7	12	20818233
8	14	405169
9	16	4142030
10	18	23495276
11	19	26809975
12	20	32255950
13	20	32305599
14	21	39336956
15	22	67469031
16	24	22318232
Thread #7 end of input stream, nextChar=-1
Completed: thread #6
Completed: thread #8
Completed: thread #0
Completed: thread #13
Completed: thread #11
Completed: thread #5
Completed: thread #12
Completed: thread #10
Completed: thread #9
Completed: thread #7
Completed: thread #2
Completed: thread #15
Completed: thread #1
Joined thread # 1
Joined thread # 2
Completed: thread #4
Completed: thread #14
Completed: thread #3
Joined thread # 3
Joined thread # 4
Joined thread # 5
Joined thread # 6
Joined thread # 7
Joined thread # 8
Joined thread # 9
Joined thread # 10
Joined thread # 11
Joined thread # 12
Joined thread # 13
Joined thread # 14
Joined thread # 15
Jul 23 07:55:40 ..... started sorting BAM
Max memory needed for sorting = 523759172
ALL DONE!
