                                 Started job on |	Jul 23 07:21:15
                             Started mapping on |	Jul 23 07:21:31
                                    Finished on |	Jul 23 07:22:50
       Mapping speed, Million of reads per hour |	1402.65

                          Number of input reads |	30780372
                      Average input read length |	74
                                    UNIQUE READS:
                   Uniquely mapped reads number |	28069865
                        Uniquely mapped reads % |	91.19%
                          Average mapped length |	74.47
                       Number of splices: Total |	8901707
            Number of splices: Annotated (sjdb) |	8650279
                       Number of splices: GT/AG |	8810343
                       Number of splices: GC/AG |	70374
                       Number of splices: AT/AC |	3501
               Number of splices: Non-canonical |	17489
                      Mismatch rate per base, % |	0.59%
                         Deletion rate per base |	0.02%
                        Deletion average length |	1.88
                        Insertion rate per base |	0.01%
                       Insertion average length |	1.76
                             MULTI-MAPPING READS:
        Number of reads mapped to multiple loci |	1865197
             % of reads mapped to multiple loci |	6.06%
        Number of reads mapped to too many loci |	124423
             % of reads mapped to too many loci |	0.40%
                                  UNMAPPED READS:
       % of reads unmapped: too many mismatches |	0.00%
                 % of reads unmapped: too short |	1.92%
                     % of reads unmapped: other |	0.43%
                                  CHIMERIC READS:
                       Number of chimeric reads |	0
                            % of chimeric reads |	0.00%
