                                 Started job on |	Jul 23 07:22:54
                             Started mapping on |	Jul 23 07:23:00
                                    Finished on |	Jul 23 07:24:18
       Mapping speed, Million of reads per hour |	1431.66

                          Number of input reads |	31019223
                      Average input read length |	74
                                    UNIQUE READS:
                   Uniquely mapped reads number |	28293561
                        Uniquely mapped reads % |	91.21%
                          Average mapped length |	74.48
                       Number of splices: Total |	8966262
            Number of splices: Annotated (sjdb) |	8712009
                       Number of splices: GT/AG |	8873695
                       Number of splices: GC/AG |	71063
                       Number of splices: AT/AC |	3392
               Number of splices: Non-canonical |	18112
                      Mismatch rate per base, % |	0.59%
                         Deletion rate per base |	0.02%
                        Deletion average length |	1.88
                        Insertion rate per base |	0.01%
                       Insertion average length |	1.77
                             MULTI-MAPPING READS:
        Number of reads mapped to multiple loci |	1881695
             % of reads mapped to multiple loci |	6.07%
        Number of reads mapped to too many loci |	125857
             % of reads mapped to too many loci |	0.41%
                                  UNMAPPED READS:
       % of reads unmapped: too many mismatches |	0.00%
                 % of reads unmapped: too short |	1.89%
                     % of reads unmapped: other |	0.43%
                                  CHIMERIC READS:
                       Number of chimeric reads |	0
                            % of chimeric reads |	0.00%
