                                 Started job on |	Jul 23 07:29:38
                             Started mapping on |	Jul 23 07:29:43
                                    Finished on |	Jul 23 07:31:16
       Mapping speed, Million of reads per hour |	1428.95

                          Number of input reads |	36914509
                      Average input read length |	74
                                    UNIQUE READS:
                   Uniquely mapped reads number |	33699195
                        Uniquely mapped reads % |	91.29%
                          Average mapped length |	74.47
                       Number of splices: Total |	10705695
            Number of splices: Annotated (sjdb) |	10397459
                       Number of splices: GT/AG |	10592995
                       Number of splices: GC/AG |	86954
                       Number of splices: AT/AC |	3917
               Number of splices: Non-canonical |	21829
                      Mismatch rate per base, % |	0.58%
                         Deletion rate per base |	0.02%
                        Deletion average length |	1.90
                        Insertion rate per base |	0.01%
                       Insertion average length |	1.77
                             MULTI-MAPPING READS:
        Number of reads mapped to multiple loci |	2258651
             % of reads mapped to multiple loci |	6.12%
        Number of reads mapped to too many loci |	137276
             % of reads mapped to too many loci |	0.37%
                                  UNMAPPED READS:
       % of reads unmapped: too many mismatches |	0.00%
                 % of reads unmapped: too short |	1.92%
                     % of reads unmapped: other |	0.30%
                                  CHIMERIC READS:
                       Number of chimeric reads |	0
                            % of chimeric reads |	0.00%
