                                 Started job on |	Jul 23 07:27:45
                             Started mapping on |	Jul 23 07:27:50
                                    Finished on |	Jul 23 07:29:34
       Mapping speed, Million of reads per hour |	1267.39

                          Number of input reads |	36613378
                      Average input read length |	74
                                    UNIQUE READS:
                   Uniquely mapped reads number |	33410810
                        Uniquely mapped reads % |	91.25%
                          Average mapped length |	74.47
                       Number of splices: Total |	10615606
            Number of splices: Annotated (sjdb) |	10310884
                       Number of splices: GT/AG |	10503605
                       Number of splices: GC/AG |	86669
                       Number of splices: AT/AC |	4031
               Number of splices: Non-canonical |	21301
                      Mismatch rate per base, % |	0.59%
                         Deletion rate per base |	0.02%
                        Deletion average length |	1.90
                        Insertion rate per base |	0.01%
                       Insertion average length |	1.77
                             MULTI-MAPPING READS:
        Number of reads mapped to multiple loci |	2243562
             % of reads mapped to multiple loci |	6.13%
        Number of reads mapped to too many loci |	136081
             % of reads mapped to too many loci |	0.37%
                                  UNMAPPED READS:
       % of reads unmapped: too many mismatches |	0.00%
                 % of reads unmapped: too short |	1.95%
                     % of reads unmapped: other |	0.30%
                                  CHIMERIC READS:
                       Number of chimeric reads |	0
                            % of chimeric reads |	0.00%
