                                 Started job on |	Jul 23 07:34:37
                             Started mapping on |	Jul 23 07:34:44
                                    Finished on |	Jul 23 07:36:18
       Mapping speed, Million of reads per hour |	1364.65

                          Number of input reads |	35632504
                      Average input read length |	74
                                    UNIQUE READS:
                   Uniquely mapped reads number |	32505691
                        Uniquely mapped reads % |	91.22%
                          Average mapped length |	74.49
                       Number of splices: Total |	10347323
            Number of splices: Annotated (sjdb) |	10060691
                       Number of splices: GT/AG |	10242128
                       Number of splices: GC/AG |	80750
                       Number of splices: AT/AC |	3919
               Number of splices: Non-canonical |	20526
                      Mismatch rate per base, % |	0.58%
                         Deletion rate per base |	0.02%
                        Deletion average length |	1.89
                        Insertion rate per base |	0.01%
                       Insertion average length |	1.76
                             MULTI-MAPPING READS:
        Number of reads mapped to multiple loci |	2192463
             % of reads mapped to multiple loci |	6.15%
        Number of reads mapped to too many loci |	132777
             % of reads mapped to too many loci |	0.37%
                                  UNMAPPED READS:
       % of reads unmapped: too many mismatches |	0.00%
                 % of reads unmapped: too short |	1.88%
                     % of reads unmapped: other |	0.37%
                                  CHIMERIC READS:
                       Number of chimeric reads |	0
                            % of chimeric reads |	0.00%
