                                 Started job on |	Jul 23 07:38:03
                             Started mapping on |	Jul 23 07:38:09
                                    Finished on |	Jul 23 07:39:36
       Mapping speed, Million of reads per hour |	1382.51

                          Number of input reads |	33410700
                      Average input read length |	74
                                    UNIQUE READS:
                   Uniquely mapped reads number |	30504424
                        Uniquely mapped reads % |	91.30%
                          Average mapped length |	74.48
                       Number of splices: Total |	9342067
            Number of splices: Annotated (sjdb) |	9062495
                       Number of splices: GT/AG |	9243196
                       Number of splices: GC/AG |	74503
                       Number of splices: AT/AC |	3685
               Number of splices: Non-canonical |	20683
                      Mismatch rate per base, % |	0.60%
                         Deletion rate per base |	0.03%
                        Deletion average length |	1.90
                        Insertion rate per base |	0.01%
                       Insertion average length |	1.78
                             MULTI-MAPPING READS:
        Number of reads mapped to multiple loci |	1996199
             % of reads mapped to multiple loci |	5.97%
        Number of reads mapped to too many loci |	129443
             % of reads mapped to too many loci |	0.39%
                                  UNMAPPED READS:
       % of reads unmapped: too many mismatches |	0.00%
                 % of reads unmapped: too short |	1.93%
                     % of reads unmapped: other |	0.40%
                                  CHIMERIC READS:
                       Number of chimeric reads |	0
                            % of chimeric reads |	0.00%
