                                 Started job on |	Jul 23 07:49:47
                             Started mapping on |	Jul 23 07:49:52
                                    Finished on |	Jul 23 07:51:32
       Mapping speed, Million of reads per hour |	1268.10

                          Number of input reads |	35224919
                      Average input read length |	74
                                    UNIQUE READS:
                   Uniquely mapped reads number |	32151482
                        Uniquely mapped reads % |	91.27%
                          Average mapped length |	74.50
                       Number of splices: Total |	9988782
            Number of splices: Annotated (sjdb) |	9719169
                       Number of splices: GT/AG |	9886753
                       Number of splices: GC/AG |	78023
                       Number of splices: AT/AC |	4065
               Number of splices: Non-canonical |	19941
                      Mismatch rate per base, % |	0.57%
                         Deletion rate per base |	0.03%
                        Deletion average length |	1.86
                        Insertion rate per base |	0.01%
                       Insertion average length |	1.74
                             MULTI-MAPPING READS:
        Number of reads mapped to multiple loci |	2149449
             % of reads mapped to multiple loci |	6.10%
        Number of reads mapped to too many loci |	152950
             % of reads mapped to too many loci |	0.43%
                                  UNMAPPED READS:
       % of reads unmapped: too many mismatches |	0.00%
                 % of reads unmapped: too short |	1.83%
                     % of reads unmapped: other |	0.36%
                                  CHIMERIC READS:
                       Number of chimeric reads |	0
                            % of chimeric reads |	0.00%
