                                 Started job on |	Jul 23 07:51:35
                             Started mapping on |	Jul 23 07:51:40
                                    Finished on |	Jul 23 07:53:02
       Mapping speed, Million of reads per hour |	1398.50

                          Number of input reads |	31854771
                      Average input read length |	74
                                    UNIQUE READS:
                   Uniquely mapped reads number |	28940541
                        Uniquely mapped reads % |	90.85%
                          Average mapped length |	74.43
                       Number of splices: Total |	9078017
            Number of splices: Annotated (sjdb) |	8813380
                       Number of splices: GT/AG |	8979044
                       Number of splices: GC/AG |	76617
                       Number of splices: AT/AC |	3433
               Number of splices: Non-canonical |	18923
                      Mismatch rate per base, % |	0.58%
                         Deletion rate per base |	0.02%
                        Deletion average length |	1.89
                        Insertion rate per base |	0.01%
                       Insertion average length |	1.77
                             MULTI-MAPPING READS:
        Number of reads mapped to multiple loci |	1952547
             % of reads mapped to multiple loci |	6.13%
        Number of reads mapped to too many loci |	135920
             % of reads mapped to too many loci |	0.43%
                                  UNMAPPED READS:
       % of reads unmapped: too many mismatches |	0.00%
                 % of reads unmapped: too short |	2.02%
                     % of reads unmapped: other |	0.57%
                                  CHIMERIC READS:
                       Number of chimeric reads |	0
                            % of chimeric reads |	0.00%
