                                 Started job on |	Jul 23 07:56:06
                             Started mapping on |	Jul 23 07:56:11
                                    Finished on |	Jul 23 07:57:33
       Mapping speed, Million of reads per hour |	1422.42

                          Number of input reads |	32399595
                      Average input read length |	74
                                    UNIQUE READS:
                   Uniquely mapped reads number |	29600296
                        Uniquely mapped reads % |	91.36%
                          Average mapped length |	74.50
                       Number of splices: Total |	9003059
            Number of splices: Annotated (sjdb) |	8743055
                       Number of splices: GT/AG |	8910445
                       Number of splices: GC/AG |	69001
                       Number of splices: AT/AC |	3706
               Number of splices: Non-canonical |	19907
                      Mismatch rate per base, % |	0.58%
                         Deletion rate per base |	0.03%
                        Deletion average length |	1.87
                        Insertion rate per base |	0.01%
                       Insertion average length |	1.77
                             MULTI-MAPPING READS:
        Number of reads mapped to multiple loci |	1904765
             % of reads mapped to multiple loci |	5.88%
        Number of reads mapped to too many loci |	148783
             % of reads mapped to too many loci |	0.46%
                                  UNMAPPED READS:
       % of reads unmapped: too many mismatches |	0.00%
                 % of reads unmapped: too short |	1.88%
                     % of reads unmapped: other |	0.42%
                                  CHIMERIC READS:
                       Number of chimeric reads |	0
                            % of chimeric reads |	0.00%
