                                 Started job on |	Jul 23 07:57:35
                             Started mapping on |	Jul 23 07:57:42
                                    Finished on |	Jul 23 07:59:11
       Mapping speed, Million of reads per hour |	1395.63

                          Number of input reads |	34503100
                      Average input read length |	74
                                    UNIQUE READS:
                   Uniquely mapped reads number |	31510157
                        Uniquely mapped reads % |	91.33%
                          Average mapped length |	74.48
                       Number of splices: Total |	9513065
            Number of splices: Annotated (sjdb) |	9228681
                       Number of splices: GT/AG |	9412060
                       Number of splices: GC/AG |	74853
                       Number of splices: AT/AC |	3948
               Number of splices: Non-canonical |	22204
                      Mismatch rate per base, % |	0.60%
                         Deletion rate per base |	0.03%
                        Deletion average length |	1.91
                        Insertion rate per base |	0.01%
                       Insertion average length |	1.78
                             MULTI-MAPPING READS:
        Number of reads mapped to multiple loci |	1982979
             % of reads mapped to multiple loci |	5.75%
        Number of reads mapped to too many loci |	149091
             % of reads mapped to too many loci |	0.43%
                                  UNMAPPED READS:
       % of reads unmapped: too many mismatches |	0.00%
                 % of reads unmapped: too short |	2.01%
                     % of reads unmapped: other |	0.48%
                                  CHIMERIC READS:
                       Number of chimeric reads |	0
                            % of chimeric reads |	0.00%
