                                 Started job on |	Jul 23 07:59:13
                             Started mapping on |	Jul 23 07:59:20
                                    Finished on |	Jul 23 08:00:49
       Mapping speed, Million of reads per hour |	1405.47

                          Number of input reads |	34746320
                      Average input read length |	74
                                    UNIQUE READS:
                   Uniquely mapped reads number |	31743812
                        Uniquely mapped reads % |	91.36%
                          Average mapped length |	74.49
                       Number of splices: Total |	9581401
            Number of splices: Annotated (sjdb) |	9293963
                       Number of splices: GT/AG |	9479385
                       Number of splices: GC/AG |	75602
                       Number of splices: AT/AC |	3851
               Number of splices: Non-canonical |	22563
                      Mismatch rate per base, % |	0.59%
                         Deletion rate per base |	0.03%
                        Deletion average length |	1.91
                        Insertion rate per base |	0.01%
                       Insertion average length |	1.77
                             MULTI-MAPPING READS:
        Number of reads mapped to multiple loci |	1994339
             % of reads mapped to multiple loci |	5.74%
        Number of reads mapped to too many loci |	150479
             % of reads mapped to too many loci |	0.43%
                                  UNMAPPED READS:
       % of reads unmapped: too many mismatches |	0.00%
                 % of reads unmapped: too short |	1.99%
                     % of reads unmapped: other |	0.48%
                                  CHIMERIC READS:
                       Number of chimeric reads |	0
                            % of chimeric reads |	0.00%
